<?xml version="1.0" encoding="UTF-8"?>
<testsuite name="com.example.simpleparadox.listycity.CityListTest" tests="5" skipped="0" failures="0" errors="0" timestamp="2022-01-10T17:21:41" hostname="DESKTOP-BP95L49" time="0.042">
  <properties/>
  <testcase name="testAddException()" classname="com.example.simpleparadox.listycity.CityListTest" time="0.016"/>
  <testcase name="testAdd()" classname="com.example.simpleparadox.listycity.CityListTest" time="0.006"/>
  <testcase name="testCountCities()" classname="com.example.simpleparadox.listycity.CityListTest" time="0.002"/>
  <testcase name="testGetCities()" classname="com.example.simpleparadox.listycity.CityListTest" time="0.003"/>
  <testcase name="testDeleteCity()" classname="com.example.simpleparadox.listycity.CityListTest" time="0.003"/>
  <system-out><![CDATA[]]></system-out>
  <system-err><![CDATA[]]></system-err>
</testsuite>
